<?xml version="1.0" encoding="UTF-8"?>
<testsuite xmlns:xsi="http://www.w3.org/2001/XMLSchema-instance" xsi:noNamespaceSchemaLocation="https://maven.apache.org/surefire/maven-surefire-plugin/xsd/surefire-test-report.xsd" name="com.application.cars.CarTest" time="0" tests="2" errors="0" skipped="0" failures="0">
  <properties>
[...]
</properties>
  <testcase name="setWeightWrongWeight" classname="com.application.cars.CarTest" time="0"/>
  <testcase name="setWeightNormalWeight" classname="com.application.cars.CarTest" time="0"/>
</testsuite>